C51 COMPILER V9.60.7.0   MAIN                                                              11/11/2025 14:35:51 PAGE 1   


C51 COMPILER V9.60.7.0, COMPILATION OF MODULE MAIN
OBJECT MODULE PLACED IN .\Objects\main.obj
COMPILER INVOKED BY: D:\keil\C51\BIN\C51.EXE Src\main.c OPTIMIZE(8,SPEED) BROWSE INCDIR(.\Inc) DEBUG OBJECTEXTEND PRINT(
                    -.\Listings\main.lst) TABS(2) OBJECT(.\Objects\main.obj)

line level    source

   1          /*
   2           * GL08 Dual Channel Control Board Main Program
   3           * MCU: STC8H1K08-36I-TSSOP20
   4           * Function: 2-channel independent dimming control
   5           * Author: Lighting Control Software Team
   6           * Date: 2025-06-19
   7           */
   8          
   9          #include "type_def.h"
  10          #include "STC8H.h"
  11          #include "gl08_config.h"
  12          #include "gl08_hardware.h"
  13          #include "gl08_control.h"
  14          #include "uart.h"
  15          
  16          // Main function
  17          int main(void)
  18          {
  19   1          uint16_t test2 = 0;
  20   1          EA = 0;
  21   1      
  22   1          EAXSFR();  //使能访问XFR
  23   1      
  24   1          // System initialization
  25   1          system_init();
  26   1      
  27   1          // Hardware initialization
  28   1          hardware_init();
  29   1      
  30   1          // uart initialization
  31   1          uart_init();
  32   1      
  33   1          // Control logic initialization
  34   1          control_init();
  35   1      
  36   1          EA = 1;
  37   1        
  38   1          uart_sendstr("System initialize complete.\r\n");
  39   1      
  40   1          // Main loop
  41   1          while(1)
  42   1          {
  43   2       
  44   2              // 串口调试，可在gl08_config.h中通过宏 UART_PRINT 开启或关闭
  45   2              uart_sendstr("====== begin scan switchs ======\r\n");
  46   2              uart_sendstr("execute count:");
  47   2              uart_uint16(test2++);
  48   2              uart_sentEnter();
  49   2              uart_sentEnter();
  50   2            
  51   2              // Collect switch inputs
  52   2              collect_inputs();
  53   2            
  54   2              // Scan switch status
C51 COMPILER V9.60.7.0   MAIN                                                              11/11/2025 14:35:51 PAGE 2   

  55   2              scan_switches();
  56   2            
  57   2              // Process band switch
  58   2              process_band_switch();
  59   2      
  60   2              // Process external PWM inputs
  61   2              process_external_pwm_inputs();
  62   2      
  63   2              // Process power switch
  64   2              process_power_switch();
  65   2      
  66   2              // Update output control
  67   2              update_outputs();
  68   2      
  69   2          }
  70   1      
  71   1          return 0;
  72   1      }
*** WARNING C294 IN LINE 71 OF Src\main.c: unreachable code


MODULE INFORMATION:   STATIC OVERLAYABLE
   CODE SIZE        =     92    ----
   CONSTANT SIZE    =     80    ----
   XDATA SIZE       =   ----    ----
   PDATA SIZE       =   ----    ----
   DATA SIZE        =   ----       2
   IDATA SIZE       =   ----    ----
   BIT SIZE         =   ----    ----
END OF MODULE INFORMATION.


C51 COMPILATION COMPLETE.  1 WARNING(S),  0 ERROR(S)
